[error] lmcoursier.internal.shaded.coursier.error.FetchError$DownloadingArtifacts: Error fetching artifacts:
[error] https://repo1.maven.org/maven2/org/scalatest/scalatest_2.12/3.0.8/scalatest_2.12-3.0.8.jar: download error: Caught java.net.UnknownHostException: repo1.maven.org (repo1.maven.org) while downloading https://repo1.maven.org/maven2/org/scalatest/scalatest_2.12/3.0.8/scalatest_2.12-3.0.8.jar
[error] https://repo1.maven.org/maven2/org/apache/spark/spark-core_2.12/3.0.0/spark-core_2.12-3.0.0.jar: download error: Caught java.net.UnknownHostException: repo1.maven.org (repo1.maven.org) while downloading https://repo1.maven.org/maven2/org/apache/spark/spark-core_2.12/3.0.0/spark-core_2.12-3.0.0.jar
[error] https://repo1.maven.org/maven2/org/apache/hadoop/hadoop-yarn-common/2.7.4/hadoop-yarn-common-2.7.4.jar: download error: Caught java.net.UnknownHostException: repo1.maven.org (repo1.maven.org) while downloading https://repo1.maven.org/maven2/org/apache/hadoop/hadoop-yarn-common/2.7.4/hadoop-yarn-common-2.7.4.jar
[error] https://repo1.maven.org/maven2/org/slf4j/jul-to-slf4j/1.7.30/jul-to-slf4j-1.7.30.jar: download error: Caught java.net.UnknownHostException: repo1.maven.org (repo1.maven.org) while downloading https://repo1.maven.org/maven2/org/slf4j/jul-to-slf4j/1.7.30/jul-to-slf4j-1.7.30.jar
[error] https://repo1.maven.org/maven2/com/google/guava/guava/16.0.1/guava-16.0.1.jar: download error: Caught java.net.UnknownHostException: repo1.maven.org (repo1.maven.org) while downloading https://repo1.maven.org/maven2/com/google/guava/guava/16.0.1/guava-16.0.1.jar
[error] https://repo1.maven.org/maven2/com/clearspring/analytics/stream/2.9.6/stream-2.9.6.jar: download error: Caught java.net.UnknownHostException: repo1.maven.org (repo1.maven.org) while downloading https://repo1.maven.org/maven2/com/clearspring/analytics/stream/2.9.6/stream-2.9.6.jar
[error] https://repo1.maven.org/maven2/org/apache/spark/spark-catalyst_2.12/3.0.0/spark-catalyst_2.12-3.0.0.jar: download error: Caught java.net.UnknownHostException: repo1.maven.org (repo1.maven.org) while downloading https://repo1.maven.org/maven2/org/apache/spark/spark-catalyst_2.12/3.0.0/spark-catalyst_2.12-3.0.0.jar
[error] https://repo1.maven.org/maven2/io/airlift/aircompressor/0.10/aircompressor-0.10.jar: download error: Caught java.net.UnknownHostException: repo1.maven.org (repo1.maven.org) while downloading https://repo1.maven.org/maven2/io/airlift/aircompressor/0.10/aircompressor-0.10.jar
[error] https://repo1.maven.org/maven2/org/apache/spark/spark-sketch_2.12/3.0.0/spark-sketch_2.12-3.0.0.jar: download error: Caught java.net.UnknownHostException: repo1.maven.org (repo1.maven.org) while downloading https://repo1.maven.org/maven2/org/apache/spark/spark-sketch_2.12/3.0.0/spark-sketch_2.12-3.0.0.jar
[error] https://repo1.maven.org/maven2/org/apache/xbean/xbean-asm7-shaded/4.15/xbean-asm7-shaded-4.15.jar: download error: Caught java.net.UnknownHostException: repo1.maven.org (repo1.maven.org) while downloading https://repo1.maven.org/maven2/org/apache/xbean/xbean-asm7-shaded/4.15/xbean-asm7-shaded-4.15.jar
[error] https://repo1.maven.org/maven2/io/dropwizard/metrics/metrics-json/4.1.1/metrics-json-4.1.1.jar: download error: Caught java.net.UnknownHostException: repo1.maven.org (repo1.maven.org) while downloading https://repo1.maven.org/maven2/io/dropwizard/metrics/metrics-json/4.1.1/metrics-json-4.1.1.jar
[error] https://repo1.maven.org/maven2/org/xerial/snappy/snappy-java/1.1.7.5/snappy-java-1.1.7.5.jar: download error: Caught java.net.UnknownHostException: repo1.maven.org (repo1.maven.org) while downloading https://repo1.maven.org/maven2/org/xerial/snappy/snappy-java/1.1.7.5/snappy-java-1.1.7.5.jar
[error] https://repo1.maven.org/maven2/org/apache/spark/spark-tags_2.12/3.0.0/spark-tags_2.12-3.0.0.jar: download error: Caught java.net.UnknownHostException: repo1.maven.org (repo1.maven.org) while downloading https://repo1.maven.org/maven2/org/apache/spark/spark-tags_2.12/3.0.0/spark-tags_2.12-3.0.0.jar
[error] https://repo1.maven.org/maven2/com/fasterxml/jackson/core/jackson-databind/2.10.0/jackson-databind-2.10.0.jar: download error: Caught java.net.UnknownHostException: repo1.maven.org (repo1.maven.org) while downloading https://repo1.maven.org/maven2/com/fasterxml/jackson/core/jackson-databind/2.10.0/jackson-databind-2.10.0.jar
[error] https://repo1.maven.org/maven2/org/apache/hadoop/hadoop-annotations/2.7.4/hadoop-annotations-2.7.4.jar: download error: Caught java.net.UnknownHostException: repo1.maven.org (repo1.maven.org) while downloading https://repo1.maven.org/maven2/org/apache/hadoop/hadoop-annotations/2.7.4/hadoop-annotations-2.7.4.jar
[error] https://repo1.maven.org/maven2/org/apache/hadoop/hadoop-hdfs/2.7.4/hadoop-hdfs-2.7.4.jar: download error: Caught java.net.UnknownHostException: repo1.maven.org (repo1.maven.org) while downloading https://repo1.maven.org/maven2/org/apache/hadoop/hadoop-hdfs/2.7.4/hadoop-hdfs-2.7.4.jar
[error] https://repo1.maven.org/maven2/org/glassfish/jersey/core/jersey-server/2.30/jersey-server-2.30.jar: download error: Caught java.net.UnknownHostException: repo1.maven.org (repo1.maven.org) while downloading https://repo1.maven.org/maven2/org/glassfish/jersey/core/jersey-server/2.30/jersey-server-2.30.jar
[error] https://repo1.maven.org/maven2/org/apache/spark/spark-network-common_2.12/3.0.0/spark-network-common_2.12-3.0.0.jar: download error: Caught java.net.UnknownHostException: repo1.maven.org (repo1.maven.org) while downloading https://repo1.maven.org/maven2/org/apache/spark/spark-network-common_2.12/3.0.0/spark-network-common_2.12-3.0.0.jar
[error] https://repo1.maven.org/maven2/org/glassfish/jersey/media/jersey-media-jaxb/2.30/jersey-media-jaxb-2.30.jar: download error: Caught java.net.UnknownHostException: repo1.maven.org (repo1.maven.org) while downloading https://repo1.maven.org/maven2/org/glassfish/jersey/media/jersey-media-jaxb/2.30/jersey-media-jaxb-2.30.jar
[error] https://repo1.maven.org/maven2/commons-configuration/commons-configuration/1.6/commons-configuration-1.6.jar: download error: Caught java.net.UnknownHostException: repo1.maven.org (repo1.maven.org) while downloading https://repo1.maven.org/maven2/commons-configuration/commons-configuration/1.6/commons-configuration-1.6.jar
[error] https://repo1.maven.org/maven2/com/fasterxml/jackson/module/jackson-module-paranamer/2.10.0/jackson-module-paranamer-2.10.0.jar: download error: Caught java.net.UnknownHostException: repo1.maven.org (repo1.maven.org) while downloading https://repo1.maven.org/maven2/com/fasterxml/jackson/module/jackson-module-paranamer/2.10.0/jackson-module-paranamer-2.10.0.jar
[error] https://repo1.maven.org/maven2/org/tukaani/xz/1.5/xz-1.5.jar: download error: Caught java.net.UnknownHostException: repo1.maven.org (repo1.maven.org) while downloading https://repo1.maven.org/maven2/org/tukaani/xz/1.5/xz-1.5.jar
[error] https://repo1.maven.org/maven2/org/apache/directory/server/apacheds-kerberos-codec/2.0.0-M15/apacheds-kerberos-codec-2.0.0-M15.jar: download error: Caught java.net.UnknownHostException: repo1.maven.org (repo1.maven.org) while downloading https://repo1.maven.org/maven2/org/apache/directory/server/apacheds-kerberos-codec/2.0.0-M15/apacheds-kerberos-codec-2.0.0-M15.jar
[error] https://repo1.maven.org/maven2/io/netty/netty-all/4.1.47.Final/netty-all-4.1.47.Final.jar: download error: Caught java.net.UnknownHostException: repo1.maven.org (repo1.maven.org) while downloading https://repo1.maven.org/maven2/io/netty/netty-all/4.1.47.Final/netty-all-4.1.47.Final.jar
[error] https://repo1.maven.org/maven2/org/apache/httpcomponents/httpclient/4.2.5/httpclient-4.2.5.jar: download error: Caught java.net.UnknownHostException: repo1.maven.org (repo1.maven.org) while downloading https://repo1.maven.org/maven2/org/apache/httpcomponents/httpclient/4.2.5/httpclient-4.2.5.jar
[error] https://repo1.maven.org/maven2/xml-apis/xml-apis/1.3.04/xml-apis-1.3.04.jar: download error: Caught java.net.UnknownHostException: repo1.maven.org (repo1.maven.org) while downloading https://repo1.maven.org/maven2/xml-apis/xml-apis/1.3.04/xml-apis-1.3.04.jar
[error] https://repo1.maven.org/maven2/org/glassfish/hk2/hk2-api/2.6.1/hk2-api-2.6.1.jar: download error: Caught java.net.UnknownHostException: repo1.maven.org (repo1.maven.org) while downloading https://repo1.maven.org/maven2/org/glassfish/hk2/hk2-api/2.6.1/hk2-api-2.6.1.jar
[error] https://repo1.maven.org/maven2/org/mortbay/jetty/jetty-util/6.1.26/jetty-util-6.1.26.jar: download error: Caught java.net.UnknownHostException: repo1.maven.org (repo1.maven.org) while downloading https://repo1.maven.org/maven2/org/mortbay/jetty/jetty-util/6.1.26/jetty-util-6.1.26.jar
[error] https://repo1.maven.org/maven2/net/sf/py4j/py4j/0.10.9/py4j-0.10.9.jar: download error: Caught java.net.UnknownHostException: repo1.maven.org (repo1.maven.org) while downloading https://repo1.maven.org/maven2/net/sf/py4j/py4j/0.10.9/py4j-0.10.9.jar
[error] https://repo1.maven.org/maven2/javax/servlet/jsp/jsp-api/2.1/jsp-api-2.1.jar: download error: Caught java.net.UnknownHostException: repo1.maven.org (repo1.maven.org) while downloading https://repo1.maven.org/maven2/javax/servlet/jsp/jsp-api/2.1/jsp-api-2.1.jar
[error] https://repo1.maven.org/maven2/oro/oro/2.0.8/oro-2.0.8.jar: download error: Caught java.net.UnknownHostException: repo1.maven.org (repo1.maven.org) while downloading https://repo1.maven.org/maven2/oro/oro/2.0.8/oro-2.0.8.jar
[error] https://repo1.maven.org/maven2/org/apache/spark/spark-launcher_2.12/3.0.0/spark-launcher_2.12-3.0.0.jar: download error: Caught java.net.UnknownHostException: repo1.maven.org (repo1.maven.org) while downloading https://repo1.maven.org/maven2/org/apache/spark/spark-launcher_2.12/3.0.0/spark-launcher_2.12-3.0.0.jar
[error] https://repo1.maven.org/maven2/org/javassist/javassist/3.25.0-GA/javassist-3.25.0-GA.jar: download error: Caught java.net.UnknownHostException: repo1.maven.org (repo1.maven.org) while downloading https://repo1.maven.org/maven2/org/javassist/javassist/3.25.0-GA/javassist-3.25.0-GA.jar
[error] https://repo1.maven.org/maven2/com/thoughtworks/paranamer/paranamer/2.8/paranamer-2.8.jar: download error: Caught java.net.UnknownHostException: repo1.maven.org (repo1.maven.org) while downloading https://repo1.maven.org/maven2/com/thoughtworks/paranamer/paranamer/2.8/paranamer-2.8.jar
[error] https://repo1.maven.org/maven2/com/google/flatbuffers/flatbuffers-java/1.9.0/flatbuffers-java-1.9.0.jar: download error: Caught java.net.UnknownHostException: repo1.maven.org (repo1.maven.org) while downloading https://repo1.maven.org/maven2/com/google/flatbuffers/flatbuffers-java/1.9.0/flatbuffers-java-1.9.0.jar
[error] https://repo1.maven.org/maven2/org/apache/parquet/parquet-encoding/1.10.1/parquet-encoding-1.10.1.jar: download error: Caught java.net.UnknownHostException: repo1.maven.org (repo1.maven.org) while downloading https://repo1.maven.org/maven2/org/apache/parquet/parquet-encoding/1.10.1/parquet-encoding-1.10.1.jar
[error] https://repo1.maven.org/maven2/org/mortbay/jetty/jetty-sslengine/6.1.26/jetty-sslengine-6.1.26.jar: download error: Caught java.net.UnknownHostException: repo1.maven.org (repo1.maven.org) while downloading https://repo1.maven.org/maven2/org/mortbay/jetty/jetty-sslengine/6.1.26/jetty-sslengine-6.1.26.jar
[error] https://repo1.maven.org/maven2/com/google/inject/guice/3.0/guice-3.0.jar: download error: Caught java.net.UnknownHostException: repo1.maven.org (repo1.maven.org) while downloading https://repo1.maven.org/maven2/com/google/inject/guice/3.0/guice-3.0.jar
[error] https://repo1.maven.org/maven2/org/scala-lang/modules/scala-xml_2.12/1.2.0/scala-xml_2.12-1.2.0.jar: download error: Caught java.net.UnknownHostException: repo1.maven.org (repo1.maven.org) while downloading https://repo1.maven.org/maven2/org/scala-lang/modules/scala-xml_2.12/1.2.0/scala-xml_2.12-1.2.0.jar
[error] https://repo1.maven.org/maven2/org/apache/avro/avro/1.8.2/avro-1.8.2.jar: download error: Caught java.net.UnknownHostException: repo1.maven.org (repo1.maven.org) while downloading https://repo1.maven.org/maven2/org/apache/avro/avro/1.8.2/avro-1.8.2.jar
[error] https://repo1.maven.org/maven2/xerces/xercesImpl/2.9.1/xercesImpl-2.9.1.jar: download error: Caught java.net.UnknownHostException: repo1.maven.org (repo1.maven.org) while downloading https://repo1.maven.org/maven2/xerces/xercesImpl/2.9.1/xercesImpl-2.9.1.jar
[error] https://repo1.maven.org/maven2/org/apache/commons/commons-text/1.6/commons-text-1.6.jar: download error: Caught java.net.UnknownHostException: repo1.maven.org (repo1.maven.org) while downloading https://repo1.maven.org/maven2/org/apache/commons/commons-text/1.6/commons-text-1.6.jar
[error] https://repo1.maven.org/maven2/org/codehaus/jackson/jackson-mapper-asl/1.9.13/jackson-mapper-asl-1.9.13.jar: download error: Caught java.net.UnknownHostException: repo1.maven.org (repo1.maven.org) while downloading https://repo1.maven.org/maven2/org/codehaus/jackson/jackson-mapper-asl/1.9.13/jackson-mapper-asl-1.9.13.jar
[error] https://repo1.maven.org/maven2/org/glassfish/hk2/external/aopalliance-repackaged/2.6.1/aopalliance-repackaged-2.6.1.jar: download error: Caught java.net.UnknownHostException: repo1.maven.org (repo1.maven.org) while downloading https://repo1.maven.org/maven2/org/glassfish/hk2/external/aopalliance-repackaged/2.6.1/aopalliance-repackaged-2.6.1.jar
[error] https://repo1.maven.org/maven2/log4j/log4j/1.2.17/log4j-1.2.17.jar: download error: Caught java.net.UnknownHostException: repo1.maven.org (repo1.maven.org) while downloading https://repo1.maven.org/maven2/log4j/log4j/1.2.17/log4j-1.2.17.jar
[error] https://repo1.maven.org/maven2/com/fasterxml/jackson/core/jackson-core/2.10.0/jackson-core-2.10.0.jar: download error: Caught java.net.UnknownHostException: repo1.maven.org (repo1.maven.org) while downloading https://repo1.maven.org/maven2/com/fasterxml/jackson/core/jackson-core/2.10.0/jackson-core-2.10.0.jar
[error] https://repo1.maven.org/maven2/javax/xml/bind/jaxb-api/2.2.2/jaxb-api-2.2.2.jar: download error: Caught java.net.UnknownHostException: repo1.maven.org (repo1.maven.org) while downloading https://repo1.maven.org/maven2/javax/xml/bind/jaxb-api/2.2.2/jaxb-api-2.2.2.jar
[error] https://repo1.maven.org/maven2/org/apache/spark/spark-sql_2.12/3.0.0/spark-sql_2.12-3.0.0.jar: download error: Caught java.net.UnknownHostException: repo1.maven.org (repo1.maven.org) while downloading https://repo1.maven.org/maven2/org/apache/spark/spark-sql_2.12/3.0.0/spark-sql_2.12-3.0.0.jar
[error] https://repo1.maven.org/maven2/org/apache/orc/orc-shims/1.5.10/orc-shims-1.5.10.jar: download error: Caught java.net.UnknownHostException: repo1.maven.org (repo1.maven.org) while downloading https://repo1.maven.org/maven2/org/apache/orc/orc-shims/1.5.10/orc-shims-1.5.10.jar
[error] https://repo1.maven.org/maven2/org/roaringbitmap/RoaringBitmap/0.7.45/RoaringBitmap-0.7.45.jar: download error: Caught java.net.UnknownHostException: repo1.maven.org (repo1.maven.org) while downloading https://repo1.maven.org/maven2/org/roaringbitmap/RoaringBitmap/0.7.45/RoaringBitmap-0.7.45.jar
[error] https://repo1.maven.org/maven2/org/json4s/json4s-jackson_2.12/3.6.6/json4s-jackson_2.12-3.6.6.jar: download error: Caught java.net.UnknownHostException: repo1.maven.org (repo1.maven.org) while downloading https://repo1.maven.org/maven2/org/json4s/json4s-jackson_2.12/3.6.6/json4s-jackson_2.12-3.6.6.jar
[error] https://repo1.maven.org/maven2/org/apache/commons/commons-lang3/3.9/commons-lang3-3.9.jar: download error: Caught java.net.UnknownHostException: repo1.maven.org (repo1.maven.org) while downloading https://repo1.maven.org/maven2/org/apache/commons/commons-lang3/3.9/commons-lang3-3.9.jar
[error] https://repo1.maven.org/maven2/org/apache/spark/spark-kvstore_2.12/3.0.0/spark-kvstore_2.12-3.0.0.jar: download error: Caught java.net.UnknownHostException: repo1.maven.org (repo1.maven.org) while downloading https://repo1.maven.org/maven2/org/apache/spark/spark-kvstore_2.12/3.0.0/spark-kvstore_2.12-3.0.0.jar
[error] https://repo1.maven.org/maven2/jakarta/annotation/jakarta.annotation-api/1.3.5/jakarta.annotation-api-1.3.5.jar: download error: Caught java.net.UnknownHostException: repo1.maven.org (repo1.maven.org) while downloading https://repo1.maven.org/maven2/jakarta/annotation/jakarta.annotation-api/1.3.5/jakarta.annotation-api-1.3.5.jar
[error] https://repo1.maven.org/maven2/org/apache/avro/avro-mapred/1.8.2/avro-mapred-1.8.2-hadoop2.jar: download error: Caught java.net.UnknownHostException: repo1.maven.org (repo1.maven.org) while downloading https://repo1.maven.org/maven2/org/apache/avro/avro-mapred/1.8.2/avro-mapred-1.8.2-hadoop2.jar
[error] https://repo1.maven.org/maven2/org/json4s/json4s-scalap_2.12/3.6.6/json4s-scalap_2.12-3.6.6.jar: download error: Caught java.net.UnknownHostException: repo1.maven.org (repo1.maven.org) while downloading https://repo1.maven.org/maven2/org/json4s/json4s-scalap_2.12/3.6.6/json4s-scalap_2.12-3.6.6.jar
[error] https://repo1.maven.org/maven2/org/apache/hadoop/hadoop-yarn-server-nodemanager/2.7.4/hadoop-yarn-server-nodemanager-2.7.4.jar: download error: Caught java.net.UnknownHostException: repo1.maven.org (repo1.maven.org) while downloading https://repo1.maven.org/maven2/org/apache/hadoop/hadoop-yarn-server-nodemanager/2.7.4/hadoop-yarn-server-nodemanager-2.7.4.jar
[error] https://repo1.maven.org/maven2/org/apache/directory/api/api-asn1-api/1.0.0-M20/api-asn1-api-1.0.0-M20.jar: download error: Caught java.net.UnknownHostException: repo1.maven.org (repo1.maven.org) while downloading https://repo1.maven.org/maven2/org/apache/directory/api/api-asn1-api/1.0.0-M20/api-asn1-api-1.0.0-M20.jar
[error] https://repo1.maven.org/maven2/commons-lang/commons-lang/2.6/commons-lang-2.6.jar: download error: Caught java.net.UnknownHostException: repo1.maven.org (repo1.maven.org) while downloading https://repo1.maven.org/maven2/commons-lang/commons-lang/2.6/commons-lang-2.6.jar
[error] https://repo1.maven.org/maven2/org/apache/commons/commons-math3/3.4.1/commons-math3-3.4.1.jar: download error: Caught java.net.UnknownHostException: repo1.maven.org (repo1.maven.org) while downloading https://repo1.maven.org/maven2/org/apache/commons/commons-math3/3.4.1/commons-math3-3.4.1.jar
[error] https://repo1.maven.org/maven2/org/apache/curator/curator-recipes/2.7.1/curator-recipes-2.7.1.jar: download error: Caught java.net.UnknownHostException: repo1.maven.org (repo1.maven.org) while downloading https://repo1.maven.org/maven2/org/apache/curator/curator-recipes/2.7.1/curator-recipes-2.7.1.jar
[error] https://repo1.maven.org/maven2/org/apache/avro/avro-ipc/1.8.2/avro-ipc-1.8.2.jar: download error: Caught java.net.UnknownHostException: repo1.maven.org (repo1.maven.org) while downloading https://repo1.maven.org/maven2/org/apache/avro/avro-ipc/1.8.2/avro-ipc-1.8.2.jar
[error] https://repo1.maven.org/maven2/org/apache/hive/hive-storage-api/2.7.1/hive-storage-api-2.7.1.jar: download error: Caught java.net.UnknownHostException: repo1.maven.org (repo1.maven.org) while downloading https://repo1.maven.org/maven2/org/apache/hive/hive-storage-api/2.7.1/hive-storage-api-2.7.1.jar
[error] https://repo1.maven.org/maven2/jline/jline/0.9.94/jline-0.9.94.jar: download error: Caught java.net.UnknownHostException: repo1.maven.org (repo1.maven.org) while downloading https://repo1.maven.org/maven2/jline/jline/0.9.94/jline-0.9.94.jar
[error] https://repo1.maven.org/maven2/org/apache/hadoop/hadoop-mapreduce-client-app/2.7.4/hadoop-mapreduce-client-app-2.7.4.jar: download error: Caught java.net.UnknownHostException: repo1.maven.org (repo1.maven.org) while downloading https://repo1.maven.org/maven2/org/apache/hadoop/hadoop-mapreduce-client-app/2.7.4/hadoop-mapreduce-client-app-2.7.4.jar
[error] https://repo1.maven.org/maven2/commons-beanutils/commons-beanutils/1.7.0/commons-beanutils-1.7.0.jar: download error: Caught java.net.UnknownHostException: repo1.maven.org (repo1.maven.org) while downloading https://repo1.maven.org/maven2/commons-beanutils/commons-beanutils/1.7.0/commons-beanutils-1.7.0.jar
[error] https://repo1.maven.org/maven2/org/codehaus/jettison/jettison/1.1/jettison-1.1.jar: download error: Caught java.net.UnknownHostException: repo1.maven.org (repo1.maven.org) while downloading https://repo1.maven.org/maven2/org/codehaus/jettison/jettison/1.1/jettison-1.1.jar
[error] https://repo1.maven.org/maven2/commons-cli/commons-cli/1.2/commons-cli-1.2.jar: download error: Caught java.net.UnknownHostException: repo1.maven.org (repo1.maven.org) while downloading https://repo1.maven.org/maven2/commons-cli/commons-cli/1.2/commons-cli-1.2.jar
[error] https://repo1.maven.org/maven2/org/glassfish/jersey/core/jersey-common/2.30/jersey-common-2.30.jar: download error: Caught java.net.UnknownHostException: repo1.maven.org (repo1.maven.org) while downloading https://repo1.maven.org/maven2/org/glassfish/jersey/core/jersey-common/2.30/jersey-common-2.30.jar
[error] https://repo1.maven.org/maven2/org/apache/hadoop/hadoop-mapreduce-client-jobclient/2.7.4/hadoop-mapreduce-client-jobclient-2.7.4.jar: download error: Caught java.net.UnknownHostException: repo1.maven.org (repo1.maven.org) while downloading https://repo1.maven.org/maven2/org/apache/hadoop/hadoop-mapreduce-client-jobclient/2.7.4/hadoop-mapreduce-client-jobclient-2.7.4.jar
[error] https://repo1.maven.org/maven2/org/apache/directory/api/api-util/1.0.0-M20/api-util-1.0.0-M20.jar: download error: Caught java.net.UnknownHostException: repo1.maven.org (repo1.maven.org) while downloading https://repo1.maven.org/maven2/org/apache/directory/api/api-util/1.0.0-M20/api-util-1.0.0-M20.jar
[error] https://repo1.maven.org/maven2/org/apache/arrow/arrow-format/0.15.1/arrow-format-0.15.1.jar: download error: Caught java.net.UnknownHostException: repo1.maven.org (repo1.maven.org) while downloading https://repo1.maven.org/maven2/org/apache/arrow/arrow-format/0.15.1/arrow-format-0.15.1.jar
[error] https://repo1.maven.org/maven2/io/netty/netty/3.10.6.Final/netty-3.10.6.Final.jar: download error: Caught java.net.UnknownHostException: repo1.maven.org (repo1.maven.org) while downloading https://repo1.maven.org/maven2/io/netty/netty/3.10.6.Final/netty-3.10.6.Final.jar
[error] https://repo1.maven.org/maven2/org/apache/hadoop/hadoop-common/2.7.4/hadoop-common-2.7.4.jar: download error: Caught java.net.UnknownHostException: repo1.maven.org (repo1.maven.org) while downloading https://repo1.maven.org/maven2/org/apache/hadoop/hadoop-common/2.7.4/hadoop-common-2.7.4.jar
[error] https://repo1.maven.org/maven2/com/github/spotbugs/spotbugs-annotations/3.1.9/spotbugs-annotations-3.1.9.jar: download error: Caught java.net.UnknownHostException: repo1.maven.org (repo1.maven.org) while downloading https://repo1.maven.org/maven2/com/github/spotbugs/spotbugs-annotations/3.1.9/spotbugs-annotations-3.1.9.jar
[error] https://repo1.maven.org/maven2/org/apache/hadoop/hadoop-mapreduce-client-common/2.7.4/hadoop-mapreduce-client-common-2.7.4.jar: download error: Caught java.net.UnknownHostException: repo1.maven.org (repo1.maven.org) while downloading https://repo1.maven.org/maven2/org/apache/hadoop/hadoop-mapreduce-client-common/2.7.4/hadoop-mapreduce-client-common-2.7.4.jar
[error] https://repo1.maven.org/maven2/javax/inject/javax.inject/1/javax.inject-1.jar: download error: Caught java.net.UnknownHostException: repo1.maven.org (repo1.maven.org) while downloading https://repo1.maven.org/maven2/javax/inject/javax.inject/1/javax.inject-1.jar
[error] https://repo1.maven.org/maven2/commons-httpclient/commons-httpclient/3.1/commons-httpclient-3.1.jar: download error: Caught java.net.UnknownHostException: repo1.maven.org (repo1.maven.org) while downloading https://repo1.maven.org/maven2/commons-httpclient/commons-httpclient/3.1/commons-httpclient-3.1.jar
[error] https://repo1.maven.org/maven2/org/threeten/threeten-extra/1.5.0/threeten-extra-1.5.0.jar: download error: Caught java.net.UnknownHostException: repo1.maven.org (repo1.maven.org) while downloading https://repo1.maven.org/maven2/org/threeten/threeten-extra/1.5.0/threeten-extra-1.5.0.jar
[error] https://repo1.maven.org/maven2/org/glassfish/hk2/hk2-locator/2.6.1/hk2-locator-2.6.1.jar: download error: Caught java.net.UnknownHostException: repo1.maven.org (repo1.maven.org) while downloading https://repo1.maven.org/maven2/org/glassfish/hk2/hk2-locator/2.6.1/hk2-locator-2.6.1.jar
[error] https://repo1.maven.org/maven2/jakarta/ws/rs/jakarta.ws.rs-api/2.1.6/jakarta.ws.rs-api-2.1.6.jar: download error: Caught java.net.UnknownHostException: repo1.maven.org (repo1.maven.org) while downloading https://repo1.maven.org/maven2/jakarta/ws/rs/jakarta.ws.rs-api/2.1.6/jakarta.ws.rs-api-2.1.6.jar
[error] https://repo1.maven.org/maven2/org/apache/arrow/arrow-memory/0.15.1/arrow-memory-0.15.1.jar: download error: Caught java.net.UnknownHostException: repo1.maven.org (repo1.maven.org) while downloading https://repo1.maven.org/maven2/org/apache/arrow/arrow-memory/0.15.1/arrow-memory-0.15.1.jar
[error] https://repo1.maven.org/maven2/org/apache/hadoop/hadoop-yarn-api/2.7.4/hadoop-yarn-api-2.7.4.jar: download error: Caught java.net.UnknownHostException: repo1.maven.org (repo1.maven.org) while downloading https://repo1.maven.org/maven2/org/apache/hadoop/hadoop-yarn-api/2.7.4/hadoop-yarn-api-2.7.4.jar
[error] https://repo1.maven.org/maven2/org/glassfish/jersey/containers/jersey-container-servlet-core/2.30/jersey-container-servlet-core-2.30.jar: download error: Caught java.net.UnknownHostException: repo1.maven.org (repo1.maven.org) while downloading https://repo1.maven.org/maven2/org/glassfish/jersey/containers/jersey-container-servlet-core/2.30/jersey-container-servlet-core-2.30.jar
[error] https://repo1.maven.org/maven2/commons-collections/commons-collections/3.2.2/commons-collections-3.2.2.jar: download error: Caught java.net.UnknownHostException: repo1.maven.org (repo1.maven.org) while downloading https://repo1.maven.org/maven2/commons-collections/commons-collections/3.2.2/commons-collections-3.2.2.jar
[error] https://repo1.maven.org/maven2/org/json4s/json4s-core_2.12/3.6.6/json4s-core_2.12-3.6.6.jar: download error: Caught java.net.UnknownHostException: repo1.maven.org (repo1.maven.org) while downloading https://repo1.maven.org/maven2/org/json4s/json4s-core_2.12/3.6.6/json4s-core_2.12-3.6.6.jar
[error] https://repo1.maven.org/maven2/org/xerial/snappy/snappy-java/1.1.7.5/snappy-java-1.1.7.5.jar: download error: Caught java.net.UnknownHostException: repo1.maven.org (repo1.maven.org) while downloading https://repo1.maven.org/maven2/org/xerial/snappy/snappy-java/1.1.7.5/snappy-java-1.1.7.5.jar
[error] 
[error] 	at lmcoursier.internal.shaded.coursier.Artifacts$.$anonfun$fetchArtifacts$14(Artifacts.scala:302)
[error] 	at lmcoursier.internal.shaded.coursier.util.Task$.$anonfun$flatMap$2(Task.scala:14)
[error] 	at scala.concurrent.Future.$anonfun$flatMap$1(Future.scala:307)
[error] 	at scala.concurrent.impl.Promise.$anonfun$transformWith$1(Promise.scala:41)
[error] 	at scala.concurrent.impl.CallbackRunnable.run(Promise.scala:64)
[error] 	at java.util.concurrent.ThreadPoolExecutor.runWorker(ThreadPoolExecutor.java:1149)
[error] 	at java.util.concurrent.ThreadPoolExecutor$Worker.run(ThreadPoolExecutor.java:624)
[error] 	at java.lang.Thread.run(Thread.java:748)
[error] Caused by: lmcoursier.internal.shaded.coursier.cache.ArtifactError$DownloadError: download error: Caught java.net.UnknownHostException: repo1.maven.org (repo1.maven.org) while downloading https://repo1.maven.org/maven2/org/scalatest/scalatest_2.12/3.0.8/scalatest_2.12-3.0.8.jar
[error] 	at lmcoursier.internal.shaded.coursier.cache.FileCache$.helper$2(FileCache.scala:1018)
[error] 	at lmcoursier.internal.shaded.coursier.cache.FileCache$.coursier$cache$FileCache$$downloading(FileCache.scala:1032)
[error] 	at lmcoursier.internal.shaded.coursier.cache.FileCache.doDownload$1(FileCache.scala:320)
[error] 	at lmcoursier.internal.shaded.coursier.cache.FileCache.$anonfun$download$54(FileCache.scala:507)
[error] 	at lmcoursier.internal.shaded.coursier.cache.CacheLocks$.loop$1(CacheLocks.scala:59)
[error] 	at lmcoursier.internal.shaded.coursier.cache.CacheLocks$.withLockOr(CacheLocks.scala:84)
[error] 	at lmcoursier.internal.shaded.coursier.cache.FileCache.$anonfun$download$32(FileCache.scala:508)
[error] 	at scala.concurrent.Future$.$anonfun$apply$1(Future.scala:659)
[error] 	at scala.util.Success.$anonfun$map$1(Try.scala:255)
[error] 	at scala.util.Success.map(Try.scala:213)
[error] 	at scala.concurrent.Future.$anonfun$map$1(Future.scala:292)
[error] 	at scala.concurrent.impl.Promise.liftedTree1$1(Promise.scala:33)
[error] 	at scala.concurrent.impl.Promise.$anonfun$transform$1(Promise.scala:33)
[error] 	at scala.concurrent.impl.CallbackRunnable.run(Promise.scala:64)
[error] 	at java.util.concurrent.ThreadPoolExecutor.runWorker(ThreadPoolExecutor.java:1149)
[error] 	at java.util.concurrent.ThreadPoolExecutor$Worker.run(ThreadPoolExecutor.java:624)
[error] 	at java.lang.Thread.run(Thread.java:748)
[error] Caused by: java.net.UnknownHostException: repo1.maven.org
[error] 	at java.net.AbstractPlainSocketImpl.connect(AbstractPlainSocketImpl.java:184)
[error] 	at java.net.PlainSocketImpl.connect(PlainSocketImpl.java:172)
[error] 	at java.net.SocksSocketImpl.connect(SocksSocketImpl.java:392)
[error] 	at java.net.Socket.connect(Socket.java:606)
[error] 	at sun.security.ssl.SSLSocketImpl.connect(SSLSocketImpl.java:681)
[error] 	at sun.security.ssl.BaseSSLSocketImpl.connect(BaseSSLSocketImpl.java:173)
[error] 	at sun.net.NetworkClient.doConnect(NetworkClient.java:180)
[error] 	at sun.net.www.http.HttpClient.openServer(HttpClient.java:463)
[error] 	at sun.net.www.http.HttpClient.openServer(HttpClient.java:558)
[error] 	at sun.net.www.protocol.https.HttpsClient.<init>(HttpsClient.java:264)
[error] 	at sun.net.www.protocol.https.HttpsClient.New(HttpsClient.java:367)
[error] 	at sun.net.www.protocol.https.AbstractDelegateHttpsURLConnection.getNewHttpClient(AbstractDelegateHttpsURLConnection.java:191)
[error] 	at sun.net.www.protocol.http.HttpURLConnection.plainConnect0(HttpURLConnection.java:1162)
[error] 	at sun.net.www.protocol.http.HttpURLConnection$6.run(HttpURLConnection.java:1046)
[error] 	at sun.net.www.protocol.http.HttpURLConnection$6.run(HttpURLConnection.java:1044)
[error] 	at java.security.AccessController.doPrivileged(Native Method)
[error] 	at java.security.AccessController.doPrivilegedWithCombiner(AccessController.java:784)
[error] 	at sun.net.www.protocol.http.HttpURLConnection.plainConnect(HttpURLConnection.java:1043)
[error] 	at sun.net.www.protocol.https.AbstractDelegateHttpsURLConnection.connect(AbstractDelegateHttpsURLConnection.java:177)
[error] 	at sun.net.www.protocol.http.HttpURLConnection.getInputStream0(HttpURLConnection.java:1570)
[error] 	at sun.net.www.protocol.http.HttpURLConnection.access$200(HttpURLConnection.java:92)
[error] 	at sun.net.www.protocol.http.HttpURLConnection$9.run(HttpURLConnection.java:1490)
[error] 	at sun.net.www.protocol.http.HttpURLConnection$9.run(HttpURLConnection.java:1488)
[error] 	at java.security.AccessController.doPrivileged(Native Method)
[error] 	at java.security.AccessController.doPrivilegedWithCombiner(AccessController.java:784)
[error] 	at sun.net.www.protocol.http.HttpURLConnection.getInputStream(HttpURLConnection.java:1487)
[error] 	at java.net.HttpURLConnection.getResponseCode(HttpURLConnection.java:480)
[error] 	at sun.net.www.protocol.https.HttpsURLConnectionImpl.getResponseCode(HttpsURLConnectionImpl.java:352)
[error] 	at lmcoursier.internal.shaded.coursier.cache.CacheUrl$.rangeResOpt(CacheUrl.scala:185)
[error] 	at lmcoursier.internal.shaded.coursier.cache.CacheUrl$.urlConnectionMaybePartial(CacheUrl.scala:296)
[error] 	at lmcoursier.internal.shaded.coursier.cache.CacheUrl$.urlConnectionMaybePartial(CacheUrl.scala:277)
[error] 	at lmcoursier.internal.shaded.coursier.cache.FileCache.$anonfun$download$33(FileCache.scala:349)
[error] 	at lmcoursier.internal.shaded.coursier.cache.FileCache$.$anonfun$downloading$1(FileCache.scala:998)
[error] 	at lmcoursier.internal.shaded.coursier.cache.CacheLocks$.withUrlLock(CacheLocks.scala:102)
[error] 	at lmcoursier.internal.shaded.coursier.cache.FileCache$.helper$2(FileCache.scala:998)
[error] 	at lmcoursier.internal.shaded.coursier.cache.FileCache$.coursier$cache$FileCache$$downloading(FileCache.scala:1032)
[error] 	at lmcoursier.internal.shaded.coursier.cache.FileCache.doDownload$1(FileCache.scala:320)
[error] 	at lmcoursier.internal.shaded.coursier.cache.FileCache.$anonfun$download$54(FileCache.scala:507)
[error] 	at lmcoursier.internal.shaded.coursier.cache.CacheLocks$.loop$1(CacheLocks.scala:59)
[error] 	at lmcoursier.internal.shaded.coursier.cache.CacheLocks$.withLockOr(CacheLocks.scala:84)
[error] 	at lmcoursier.internal.shaded.coursier.cache.FileCache.$anonfun$download$32(FileCache.scala:508)
[error] 	at scala.concurrent.Future$.$anonfun$apply$1(Future.scala:659)
[error] 	at scala.util.Success.$anonfun$map$1(Try.scala:255)
[error] 	at scala.util.Success.map(Try.scala:213)
[error] 	at scala.concurrent.Future.$anonfun$map$1(Future.scala:292)
[error] 	at scala.concurrent.impl.Promise.liftedTree1$1(Promise.scala:33)
[error] 	at scala.concurrent.impl.Promise.$anonfun$transform$1(Promise.scala:33)
[error] 	at scala.concurrent.impl.CallbackRunnable.run(Promise.scala:64)
[error] 	at java.util.concurrent.ThreadPoolExecutor.runWorker(ThreadPoolExecutor.java:1149)
[error] 	at java.util.concurrent.ThreadPoolExecutor$Worker.run(ThreadPoolExecutor.java:624)
[error] 	at java.lang.Thread.run(Thread.java:748)
[error] (ssExtractDependencies) lmcoursier.internal.shaded.coursier.error.FetchError$DownloadingArtifacts: Error fetching artifacts:
[error] https://repo1.maven.org/maven2/org/scalatest/scalatest_2.12/3.0.8/scalatest_2.12-3.0.8.jar: download error: Caught java.net.UnknownHostException: repo1.maven.org (repo1.maven.org) while downloading https://repo1.maven.org/maven2/org/scalatest/scalatest_2.12/3.0.8/scalatest_2.12-3.0.8.jar
[error] https://repo1.maven.org/maven2/org/apache/spark/spark-core_2.12/3.0.0/spark-core_2.12-3.0.0.jar: download error: Caught java.net.UnknownHostException: repo1.maven.org (repo1.maven.org) while downloading https://repo1.maven.org/maven2/org/apache/spark/spark-core_2.12/3.0.0/spark-core_2.12-3.0.0.jar
[error] https://repo1.maven.org/maven2/org/apache/hadoop/hadoop-yarn-common/2.7.4/hadoop-yarn-common-2.7.4.jar: download error: Caught java.net.UnknownHostException: repo1.maven.org (repo1.maven.org) while downloading https://repo1.maven.org/maven2/org/apache/hadoop/hadoop-yarn-common/2.7.4/hadoop-yarn-common-2.7.4.jar
[error] https://repo1.maven.org/maven2/org/slf4j/jul-to-slf4j/1.7.30/jul-to-slf4j-1.7.30.jar: download error: Caught java.net.UnknownHostException: repo1.maven.org (repo1.maven.org) while downloading https://repo1.maven.org/maven2/org/slf4j/jul-to-slf4j/1.7.30/jul-to-slf4j-1.7.30.jar
[error] https://repo1.maven.org/maven2/com/google/guava/guava/16.0.1/guava-16.0.1.jar: download error: Caught java.net.UnknownHostException: repo1.maven.org (repo1.maven.org) while downloading https://repo1.maven.org/maven2/com/google/guava/guava/16.0.1/guava-16.0.1.jar
[error] https://repo1.maven.org/maven2/com/clearspring/analytics/stream/2.9.6/stream-2.9.6.jar: download error: Caught java.net.UnknownHostException: repo1.maven.org (repo1.maven.org) while downloading https://repo1.maven.org/maven2/com/clearspring/analytics/stream/2.9.6/stream-2.9.6.jar
[error] https://repo1.maven.org/maven2/org/apache/spark/spark-catalyst_2.12/3.0.0/spark-catalyst_2.12-3.0.0.jar: download error: Caught java.net.UnknownHostException: repo1.maven.org (repo1.maven.org) while downloading https://repo1.maven.org/maven2/org/apache/spark/spark-catalyst_2.12/3.0.0/spark-catalyst_2.12-3.0.0.jar
[error] https://repo1.maven.org/maven2/io/airlift/aircompressor/0.10/aircompressor-0.10.jar: download error: Caught java.net.UnknownHostException: repo1.maven.org (repo1.maven.org) while downloading https://repo1.maven.org/maven2/io/airlift/aircompressor/0.10/aircompressor-0.10.jar
[error] https://repo1.maven.org/maven2/org/apache/spark/spark-sketch_2.12/3.0.0/spark-sketch_2.12-3.0.0.jar: download error: Caught java.net.UnknownHostException: repo1.maven.org (repo1.maven.org) while downloading https://repo1.maven.org/maven2/org/apache/spark/spark-sketch_2.12/3.0.0/spark-sketch_2.12-3.0.0.jar
[error] https://repo1.maven.org/maven2/org/apache/xbean/xbean-asm7-shaded/4.15/xbean-asm7-shaded-4.15.jar: download error: Caught java.net.UnknownHostException: repo1.maven.org (repo1.maven.org) while downloading https://repo1.maven.org/maven2/org/apache/xbean/xbean-asm7-shaded/4.15/xbean-asm7-shaded-4.15.jar
[error] https://repo1.maven.org/maven2/io/dropwizard/metrics/metrics-json/4.1.1/metrics-json-4.1.1.jar: download error: Caught java.net.UnknownHostException: repo1.maven.org (repo1.maven.org) while downloading https://repo1.maven.org/maven2/io/dropwizard/metrics/metrics-json/4.1.1/metrics-json-4.1.1.jar
[error] https://repo1.maven.org/maven2/org/xerial/snappy/snappy-java/1.1.7.5/snappy-java-1.1.7.5.jar: download error: Caught java.net.UnknownHostException: repo1.maven.org (repo1.maven.org) while downloading https://repo1.maven.org/maven2/org/xerial/snappy/snappy-java/1.1.7.5/snappy-java-1.1.7.5.jar
[error] https://repo1.maven.org/maven2/org/apache/spark/spark-tags_2.12/3.0.0/spark-tags_2.12-3.0.0.jar: download error: Caught java.net.UnknownHostException: repo1.maven.org (repo1.maven.org) while downloading https://repo1.maven.org/maven2/org/apache/spark/spark-tags_2.12/3.0.0/spark-tags_2.12-3.0.0.jar
[error] https://repo1.maven.org/maven2/com/fasterxml/jackson/core/jackson-databind/2.10.0/jackson-databind-2.10.0.jar: download error: Caught java.net.UnknownHostException: repo1.maven.org (repo1.maven.org) while downloading https://repo1.maven.org/maven2/com/fasterxml/jackson/core/jackson-databind/2.10.0/jackson-databind-2.10.0.jar
[error] https://repo1.maven.org/maven2/org/apache/hadoop/hadoop-annotations/2.7.4/hadoop-annotations-2.7.4.jar: download error: Caught java.net.UnknownHostException: repo1.maven.org (repo1.maven.org) while downloading https://repo1.maven.org/maven2/org/apache/hadoop/hadoop-annotations/2.7.4/hadoop-annotations-2.7.4.jar
[error] https://repo1.maven.org/maven2/org/apache/hadoop/hadoop-hdfs/2.7.4/hadoop-hdfs-2.7.4.jar: download error: Caught java.net.UnknownHostException: repo1.maven.org (repo1.maven.org) while downloading https://repo1.maven.org/maven2/org/apache/hadoop/hadoop-hdfs/2.7.4/hadoop-hdfs-2.7.4.jar
[error] https://repo1.maven.org/maven2/org/glassfish/jersey/core/jersey-server/2.30/jersey-server-2.30.jar: download error: Caught java.net.UnknownHostException: repo1.maven.org (repo1.maven.org) while downloading https://repo1.maven.org/maven2/org/glassfish/jersey/core/jersey-server/2.30/jersey-server-2.30.jar
[error] https://repo1.maven.org/maven2/org/apache/spark/spark-network-common_2.12/3.0.0/spark-network-common_2.12-3.0.0.jar: download error: Caught java.net.UnknownHostException: repo1.maven.org (repo1.maven.org) while downloading https://repo1.maven.org/maven2/org/apache/spark/spark-network-common_2.12/3.0.0/spark-network-common_2.12-3.0.0.jar
[error] https://repo1.maven.org/maven2/org/glassfish/jersey/media/jersey-media-jaxb/2.30/jersey-media-jaxb-2.30.jar: download error: Caught java.net.UnknownHostException: repo1.maven.org (repo1.maven.org) while downloading https://repo1.maven.org/maven2/org/glassfish/jersey/media/jersey-media-jaxb/2.30/jersey-media-jaxb-2.30.jar
[error] https://repo1.maven.org/maven2/commons-configuration/commons-configuration/1.6/commons-configuration-1.6.jar: download error: Caught java.net.UnknownHostException: repo1.maven.org (repo1.maven.org) while downloading https://repo1.maven.org/maven2/commons-configuration/commons-configuration/1.6/commons-configuration-1.6.jar
[error] https://repo1.maven.org/maven2/com/fasterxml/jackson/module/jackson-module-paranamer/2.10.0/jackson-module-paranamer-2.10.0.jar: download error: Caught java.net.UnknownHostException: repo1.maven.org (repo1.maven.org) while downloading https://repo1.maven.org/maven2/com/fasterxml/jackson/module/jackson-module-paranamer/2.10.0/jackson-module-paranamer-2.10.0.jar
[error] https://repo1.maven.org/maven2/org/tukaani/xz/1.5/xz-1.5.jar: download error: Caught java.net.UnknownHostException: repo1.maven.org (repo1.maven.org) while downloading https://repo1.maven.org/maven2/org/tukaani/xz/1.5/xz-1.5.jar
[error] https://repo1.maven.org/maven2/org/apache/directory/server/apacheds-kerberos-codec/2.0.0-M15/apacheds-kerberos-codec-2.0.0-M15.jar: download error: Caught java.net.UnknownHostException: repo1.maven.org (repo1.maven.org) while downloading https://repo1.maven.org/maven2/org/apache/directory/server/apacheds-kerberos-codec/2.0.0-M15/apacheds-kerberos-codec-2.0.0-M15.jar
[error] https://repo1.maven.org/maven2/io/netty/netty-all/4.1.47.Final/netty-all-4.1.47.Final.jar: download error: Caught java.net.UnknownHostException: repo1.maven.org (repo1.maven.org) while downloading https://repo1.maven.org/maven2/io/netty/netty-all/4.1.47.Final/netty-all-4.1.47.Final.jar
[error] https://repo1.maven.org/maven2/org/apache/httpcomponents/httpclient/4.2.5/httpclient-4.2.5.jar: download error: Caught java.net.UnknownHostException: repo1.maven.org (repo1.maven.org) while downloading https://repo1.maven.org/maven2/org/apache/httpcomponents/httpclient/4.2.5/httpclient-4.2.5.jar
[error] https://repo1.maven.org/maven2/xml-apis/xml-apis/1.3.04/xml-apis-1.3.04.jar: download error: Caught java.net.UnknownHostException: repo1.maven.org (repo1.maven.org) while downloading https://repo1.maven.org/maven2/xml-apis/xml-apis/1.3.04/xml-apis-1.3.04.jar
[error] https://repo1.maven.org/maven2/org/glassfish/hk2/hk2-api/2.6.1/hk2-api-2.6.1.jar: download error: Caught java.net.UnknownHostException: repo1.maven.org (repo1.maven.org) while downloading https://repo1.maven.org/maven2/org/glassfish/hk2/hk2-api/2.6.1/hk2-api-2.6.1.jar
[error] https://repo1.maven.org/maven2/org/mortbay/jetty/jetty-util/6.1.26/jetty-util-6.1.26.jar: download error: Caught java.net.UnknownHostException: repo1.maven.org (repo1.maven.org) while downloading https://repo1.maven.org/maven2/org/mortbay/jetty/jetty-util/6.1.26/jetty-util-6.1.26.jar
[error] https://repo1.maven.org/maven2/net/sf/py4j/py4j/0.10.9/py4j-0.10.9.jar: download error: Caught java.net.UnknownHostException: repo1.maven.org (repo1.maven.org) while downloading https://repo1.maven.org/maven2/net/sf/py4j/py4j/0.10.9/py4j-0.10.9.jar
[error] https://repo1.maven.org/maven2/javax/servlet/jsp/jsp-api/2.1/jsp-api-2.1.jar: download error: Caught java.net.UnknownHostException: repo1.maven.org (repo1.maven.org) while downloading https://repo1.maven.org/maven2/javax/servlet/jsp/jsp-api/2.1/jsp-api-2.1.jar
[error] https://repo1.maven.org/maven2/oro/oro/2.0.8/oro-2.0.8.jar: download error: Caught java.net.UnknownHostException: repo1.maven.org (repo1.maven.org) while downloading https://repo1.maven.org/maven2/oro/oro/2.0.8/oro-2.0.8.jar
[error] https://repo1.maven.org/maven2/org/apache/spark/spark-launcher_2.12/3.0.0/spark-launcher_2.12-3.0.0.jar: download error: Caught java.net.UnknownHostException: repo1.maven.org (repo1.maven.org) while downloading https://repo1.maven.org/maven2/org/apache/spark/spark-launcher_2.12/3.0.0/spark-launcher_2.12-3.0.0.jar
[error] https://repo1.maven.org/maven2/org/javassist/javassist/3.25.0-GA/javassist-3.25.0-GA.jar: download error: Caught java.net.UnknownHostException: repo1.maven.org (repo1.maven.org) while downloading https://repo1.maven.org/maven2/org/javassist/javassist/3.25.0-GA/javassist-3.25.0-GA.jar
[error] https://repo1.maven.org/maven2/com/thoughtworks/paranamer/paranamer/2.8/paranamer-2.8.jar: download error: Caught java.net.UnknownHostException: repo1.maven.org (repo1.maven.org) while downloading https://repo1.maven.org/maven2/com/thoughtworks/paranamer/paranamer/2.8/paranamer-2.8.jar
[error] https://repo1.maven.org/maven2/com/google/flatbuffers/flatbuffers-java/1.9.0/flatbuffers-java-1.9.0.jar: download error: Caught java.net.UnknownHostException: repo1.maven.org (repo1.maven.org) while downloading https://repo1.maven.org/maven2/com/google/flatbuffers/flatbuffers-java/1.9.0/flatbuffers-java-1.9.0.jar
[error] https://repo1.maven.org/maven2/org/apache/parquet/parquet-encoding/1.10.1/parquet-encoding-1.10.1.jar: download error: Caught java.net.UnknownHostException: repo1.maven.org (repo1.maven.org) while downloading https://repo1.maven.org/maven2/org/apache/parquet/parquet-encoding/1.10.1/parquet-encoding-1.10.1.jar
[error] https://repo1.maven.org/maven2/org/mortbay/jetty/jetty-sslengine/6.1.26/jetty-sslengine-6.1.26.jar: download error: Caught java.net.UnknownHostException: repo1.maven.org (repo1.maven.org) while downloading https://repo1.maven.org/maven2/org/mortbay/jetty/jetty-sslengine/6.1.26/jetty-sslengine-6.1.26.jar
[error] https://repo1.maven.org/maven2/com/google/inject/guice/3.0/guice-3.0.jar: download error: Caught java.net.UnknownHostException: repo1.maven.org (repo1.maven.org) while downloading https://repo1.maven.org/maven2/com/google/inject/guice/3.0/guice-3.0.jar
[error] https://repo1.maven.org/maven2/org/scala-lang/modules/scala-xml_2.12/1.2.0/scala-xml_2.12-1.2.0.jar: download error: Caught java.net.UnknownHostException: repo1.maven.org (repo1.maven.org) while downloading https://repo1.maven.org/maven2/org/scala-lang/modules/scala-xml_2.12/1.2.0/scala-xml_2.12-1.2.0.jar
[error] https://repo1.maven.org/maven2/org/apache/avro/avro/1.8.2/avro-1.8.2.jar: download error: Caught java.net.UnknownHostException: repo1.maven.org (repo1.maven.org) while downloading https://repo1.maven.org/maven2/org/apache/avro/avro/1.8.2/avro-1.8.2.jar
[error] https://repo1.maven.org/maven2/xerces/xercesImpl/2.9.1/xercesImpl-2.9.1.jar: download error: Caught java.net.UnknownHostException: repo1.maven.org (repo1.maven.org) while downloading https://repo1.maven.org/maven2/xerces/xercesImpl/2.9.1/xercesImpl-2.9.1.jar
[error] https://repo1.maven.org/maven2/org/apache/commons/commons-text/1.6/commons-text-1.6.jar: download error: Caught java.net.UnknownHostException: repo1.maven.org (repo1.maven.org) while downloading https://repo1.maven.org/maven2/org/apache/commons/commons-text/1.6/commons-text-1.6.jar
[error] https://repo1.maven.org/maven2/org/codehaus/jackson/jackson-mapper-asl/1.9.13/jackson-mapper-asl-1.9.13.jar: download error: Caught java.net.UnknownHostException: repo1.maven.org (repo1.maven.org) while downloading https://repo1.maven.org/maven2/org/codehaus/jackson/jackson-mapper-asl/1.9.13/jackson-mapper-asl-1.9.13.jar
[error] https://repo1.maven.org/maven2/org/glassfish/hk2/external/aopalliance-repackaged/2.6.1/aopalliance-repackaged-2.6.1.jar: download error: Caught java.net.UnknownHostException: repo1.maven.org (repo1.maven.org) while downloading https://repo1.maven.org/maven2/org/glassfish/hk2/external/aopalliance-repackaged/2.6.1/aopalliance-repackaged-2.6.1.jar
[error] https://repo1.maven.org/maven2/log4j/log4j/1.2.17/log4j-1.2.17.jar: download error: Caught java.net.UnknownHostException: repo1.maven.org (repo1.maven.org) while downloading https://repo1.maven.org/maven2/log4j/log4j/1.2.17/log4j-1.2.17.jar
[error] https://repo1.maven.org/maven2/com/fasterxml/jackson/core/jackson-core/2.10.0/jackson-core-2.10.0.jar: download error: Caught java.net.UnknownHostException: repo1.maven.org (repo1.maven.org) while downloading https://repo1.maven.org/maven2/com/fasterxml/jackson/core/jackson-core/2.10.0/jackson-core-2.10.0.jar
[error] https://repo1.maven.org/maven2/javax/xml/bind/jaxb-api/2.2.2/jaxb-api-2.2.2.jar: download error: Caught java.net.UnknownHostException: repo1.maven.org (repo1.maven.org) while downloading https://repo1.maven.org/maven2/javax/xml/bind/jaxb-api/2.2.2/jaxb-api-2.2.2.jar
[error] https://repo1.maven.org/maven2/org/apache/spark/spark-sql_2.12/3.0.0/spark-sql_2.12-3.0.0.jar: download error: Caught java.net.UnknownHostException: repo1.maven.org (repo1.maven.org) while downloading https://repo1.maven.org/maven2/org/apache/spark/spark-sql_2.12/3.0.0/spark-sql_2.12-3.0.0.jar
[error] https://repo1.maven.org/maven2/org/apache/orc/orc-shims/1.5.10/orc-shims-1.5.10.jar: download error: Caught java.net.UnknownHostException: repo1.maven.org (repo1.maven.org) while downloading https://repo1.maven.org/maven2/org/apache/orc/orc-shims/1.5.10/orc-shims-1.5.10.jar
[error] https://repo1.maven.org/maven2/org/roaringbitmap/RoaringBitmap/0.7.45/RoaringBitmap-0.7.45.jar: download error: Caught java.net.UnknownHostException: repo1.maven.org (repo1.maven.org) while downloading https://repo1.maven.org/maven2/org/roaringbitmap/RoaringBitmap/0.7.45/RoaringBitmap-0.7.45.jar
[error] https://repo1.maven.org/maven2/org/json4s/json4s-jackson_2.12/3.6.6/json4s-jackson_2.12-3.6.6.jar: download error: Caught java.net.UnknownHostException: repo1.maven.org (repo1.maven.org) while downloading https://repo1.maven.org/maven2/org/json4s/json4s-jackson_2.12/3.6.6/json4s-jackson_2.12-3.6.6.jar
[error] https://repo1.maven.org/maven2/org/apache/commons/commons-lang3/3.9/commons-lang3-3.9.jar: download error: Caught java.net.UnknownHostException: repo1.maven.org (repo1.maven.org) while downloading https://repo1.maven.org/maven2/org/apache/commons/commons-lang3/3.9/commons-lang3-3.9.jar
[error] https://repo1.maven.org/maven2/org/apache/spark/spark-kvstore_2.12/3.0.0/spark-kvstore_2.12-3.0.0.jar: download error: Caught java.net.UnknownHostException: repo1.maven.org (repo1.maven.org) while downloading https://repo1.maven.org/maven2/org/apache/spark/spark-kvstore_2.12/3.0.0/spark-kvstore_2.12-3.0.0.jar
[error] https://repo1.maven.org/maven2/jakarta/annotation/jakarta.annotation-api/1.3.5/jakarta.annotation-api-1.3.5.jar: download error: Caught java.net.UnknownHostException: repo1.maven.org (repo1.maven.org) while downloading https://repo1.maven.org/maven2/jakarta/annotation/jakarta.annotation-api/1.3.5/jakarta.annotation-api-1.3.5.jar
[error] https://repo1.maven.org/maven2/org/apache/avro/avro-mapred/1.8.2/avro-mapred-1.8.2-hadoop2.jar: download error: Caught java.net.UnknownHostException: repo1.maven.org (repo1.maven.org) while downloading https://repo1.maven.org/maven2/org/apache/avro/avro-mapred/1.8.2/avro-mapred-1.8.2-hadoop2.jar
[error] https://repo1.maven.org/maven2/org/json4s/json4s-scalap_2.12/3.6.6/json4s-scalap_2.12-3.6.6.jar: download error: Caught java.net.UnknownHostException: repo1.maven.org (repo1.maven.org) while downloading https://repo1.maven.org/maven2/org/json4s/json4s-scalap_2.12/3.6.6/json4s-scalap_2.12-3.6.6.jar
[error] https://repo1.maven.org/maven2/org/apache/hadoop/hadoop-yarn-server-nodemanager/2.7.4/hadoop-yarn-server-nodemanager-2.7.4.jar: download error: Caught java.net.UnknownHostException: repo1.maven.org (repo1.maven.org) while downloading https://repo1.maven.org/maven2/org/apache/hadoop/hadoop-yarn-server-nodemanager/2.7.4/hadoop-yarn-server-nodemanager-2.7.4.jar
[error] https://repo1.maven.org/maven2/org/apache/directory/api/api-asn1-api/1.0.0-M20/api-asn1-api-1.0.0-M20.jar: download error: Caught java.net.UnknownHostException: repo1.maven.org (repo1.maven.org) while downloading https://repo1.maven.org/maven2/org/apache/directory/api/api-asn1-api/1.0.0-M20/api-asn1-api-1.0.0-M20.jar
[error] https://repo1.maven.org/maven2/commons-lang/commons-lang/2.6/commons-lang-2.6.jar: download error: Caught java.net.UnknownHostException: repo1.maven.org (repo1.maven.org) while downloading https://repo1.maven.org/maven2/commons-lang/commons-lang/2.6/commons-lang-2.6.jar
[error] https://repo1.maven.org/maven2/org/apache/commons/commons-math3/3.4.1/commons-math3-3.4.1.jar: download error: Caught java.net.UnknownHostException: repo1.maven.org (repo1.maven.org) while downloading https://repo1.maven.org/maven2/org/apache/commons/commons-math3/3.4.1/commons-math3-3.4.1.jar
[error] https://repo1.maven.org/maven2/org/apache/curator/curator-recipes/2.7.1/curator-recipes-2.7.1.jar: download error: Caught java.net.UnknownHostException: repo1.maven.org (repo1.maven.org) while downloading https://repo1.maven.org/maven2/org/apache/curator/curator-recipes/2.7.1/curator-recipes-2.7.1.jar
[error] https://repo1.maven.org/maven2/org/apache/avro/avro-ipc/1.8.2/avro-ipc-1.8.2.jar: download error: Caught java.net.UnknownHostException: repo1.maven.org (repo1.maven.org) while downloading https://repo1.maven.org/maven2/org/apache/avro/avro-ipc/1.8.2/avro-ipc-1.8.2.jar
[error] https://repo1.maven.org/maven2/org/apache/hive/hive-storage-api/2.7.1/hive-storage-api-2.7.1.jar: download error: Caught java.net.UnknownHostException: repo1.maven.org (repo1.maven.org) while downloading https://repo1.maven.org/maven2/org/apache/hive/hive-storage-api/2.7.1/hive-storage-api-2.7.1.jar
[error] https://repo1.maven.org/maven2/jline/jline/0.9.94/jline-0.9.94.jar: download error: Caught java.net.UnknownHostException: repo1.maven.org (repo1.maven.org) while downloading https://repo1.maven.org/maven2/jline/jline/0.9.94/jline-0.9.94.jar
[error] https://repo1.maven.org/maven2/org/apache/hadoop/hadoop-mapreduce-client-app/2.7.4/hadoop-mapreduce-client-app-2.7.4.jar: download error: Caught java.net.UnknownHostException: repo1.maven.org (repo1.maven.org) while downloading https://repo1.maven.org/maven2/org/apache/hadoop/hadoop-mapreduce-client-app/2.7.4/hadoop-mapreduce-client-app-2.7.4.jar
[error] https://repo1.maven.org/maven2/commons-beanutils/commons-beanutils/1.7.0/commons-beanutils-1.7.0.jar: download error: Caught java.net.UnknownHostException: repo1.maven.org (repo1.maven.org) while downloading https://repo1.maven.org/maven2/commons-beanutils/commons-beanutils/1.7.0/commons-beanutils-1.7.0.jar
[error] https://repo1.maven.org/maven2/org/codehaus/jettison/jettison/1.1/jettison-1.1.jar: download error: Caught java.net.UnknownHostException: repo1.maven.org (repo1.maven.org) while downloading https://repo1.maven.org/maven2/org/codehaus/jettison/jettison/1.1/jettison-1.1.jar
[error] https://repo1.maven.org/maven2/commons-cli/commons-cli/1.2/commons-cli-1.2.jar: download error: Caught java.net.UnknownHostException: repo1.maven.org (repo1.maven.org) while downloading https://repo1.maven.org/maven2/commons-cli/commons-cli/1.2/commons-cli-1.2.jar
[error] https://repo1.maven.org/maven2/org/glassfish/jersey/core/jersey-common/2.30/jersey-common-2.30.jar: download error: Caught java.net.UnknownHostException: repo1.maven.org (repo1.maven.org) while downloading https://repo1.maven.org/maven2/org/glassfish/jersey/core/jersey-common/2.30/jersey-common-2.30.jar
[error] https://repo1.maven.org/maven2/org/apache/hadoop/hadoop-mapreduce-client-jobclient/2.7.4/hadoop-mapreduce-client-jobclient-2.7.4.jar: download error: Caught java.net.UnknownHostException: repo1.maven.org (repo1.maven.org) while downloading https://repo1.maven.org/maven2/org/apache/hadoop/hadoop-mapreduce-client-jobclient/2.7.4/hadoop-mapreduce-client-jobclient-2.7.4.jar
[error] https://repo1.maven.org/maven2/org/apache/directory/api/api-util/1.0.0-M20/api-util-1.0.0-M20.jar: download error: Caught java.net.UnknownHostException: repo1.maven.org (repo1.maven.org) while downloading https://repo1.maven.org/maven2/org/apache/directory/api/api-util/1.0.0-M20/api-util-1.0.0-M20.jar
[error] https://repo1.maven.org/maven2/org/apache/arrow/arrow-format/0.15.1/arrow-format-0.15.1.jar: download error: Caught java.net.UnknownHostException: repo1.maven.org (repo1.maven.org) while downloading https://repo1.maven.org/maven2/org/apache/arrow/arrow-format/0.15.1/arrow-format-0.15.1.jar
[error] https://repo1.maven.org/maven2/io/netty/netty/3.10.6.Final/netty-3.10.6.Final.jar: download error: Caught java.net.UnknownHostException: repo1.maven.org (repo1.maven.org) while downloading https://repo1.maven.org/maven2/io/netty/netty/3.10.6.Final/netty-3.10.6.Final.jar
[error] https://repo1.maven.org/maven2/org/apache/hadoop/hadoop-common/2.7.4/hadoop-common-2.7.4.jar: download error: Caught java.net.UnknownHostException: repo1.maven.org (repo1.maven.org) while downloading https://repo1.maven.org/maven2/org/apache/hadoop/hadoop-common/2.7.4/hadoop-common-2.7.4.jar
[error] https://repo1.maven.org/maven2/com/github/spotbugs/spotbugs-annotations/3.1.9/spotbugs-annotations-3.1.9.jar: download error: Caught java.net.UnknownHostException: repo1.maven.org (repo1.maven.org) while downloading https://repo1.maven.org/maven2/com/github/spotbugs/spotbugs-annotations/3.1.9/spotbugs-annotations-3.1.9.jar
[error] https://repo1.maven.org/maven2/org/apache/hadoop/hadoop-mapreduce-client-common/2.7.4/hadoop-mapreduce-client-common-2.7.4.jar: download error: Caught java.net.UnknownHostException: repo1.maven.org (repo1.maven.org) while downloading https://repo1.maven.org/maven2/org/apache/hadoop/hadoop-mapreduce-client-common/2.7.4/hadoop-mapreduce-client-common-2.7.4.jar
[error] https://repo1.maven.org/maven2/javax/inject/javax.inject/1/javax.inject-1.jar: download error: Caught java.net.UnknownHostException: repo1.maven.org (repo1.maven.org) while downloading https://repo1.maven.org/maven2/javax/inject/javax.inject/1/javax.inject-1.jar
[error] https://repo1.maven.org/maven2/commons-httpclient/commons-httpclient/3.1/commons-httpclient-3.1.jar: download error: Caught java.net.UnknownHostException: repo1.maven.org (repo1.maven.org) while downloading https://repo1.maven.org/maven2/commons-httpclient/commons-httpclient/3.1/commons-httpclient-3.1.jar
[error] https://repo1.maven.org/maven2/org/threeten/threeten-extra/1.5.0/threeten-extra-1.5.0.jar: download error: Caught java.net.UnknownHostException: repo1.maven.org (repo1.maven.org) while downloading https://repo1.maven.org/maven2/org/threeten/threeten-extra/1.5.0/threeten-extra-1.5.0.jar
[error] https://repo1.maven.org/maven2/org/glassfish/hk2/hk2-locator/2.6.1/hk2-locator-2.6.1.jar: download error: Caught java.net.UnknownHostException: repo1.maven.org (repo1.maven.org) while downloading https://repo1.maven.org/maven2/org/glassfish/hk2/hk2-locator/2.6.1/hk2-locator-2.6.1.jar
[error] https://repo1.maven.org/maven2/jakarta/ws/rs/jakarta.ws.rs-api/2.1.6/jakarta.ws.rs-api-2.1.6.jar: download error: Caught java.net.UnknownHostException: repo1.maven.org (repo1.maven.org) while downloading https://repo1.maven.org/maven2/jakarta/ws/rs/jakarta.ws.rs-api/2.1.6/jakarta.ws.rs-api-2.1.6.jar
[error] https://repo1.maven.org/maven2/org/apache/arrow/arrow-memory/0.15.1/arrow-memory-0.15.1.jar: download error: Caught java.net.UnknownHostException: repo1.maven.org (repo1.maven.org) while downloading https://repo1.maven.org/maven2/org/apache/arrow/arrow-memory/0.15.1/arrow-memory-0.15.1.jar
[error] https://repo1.maven.org/maven2/org/apache/hadoop/hadoop-yarn-api/2.7.4/hadoop-yarn-api-2.7.4.jar: download error: Caught java.net.UnknownHostException: repo1.maven.org (repo1.maven.org) while downloading https://repo1.maven.org/maven2/org/apache/hadoop/hadoop-yarn-api/2.7.4/hadoop-yarn-api-2.7.4.jar
[error] https://repo1.maven.org/maven2/org/glassfish/jersey/containers/jersey-container-servlet-core/2.30/jersey-container-servlet-core-2.30.jar: download error: Caught java.net.UnknownHostException: repo1.maven.org (repo1.maven.org) while downloading https://repo1.maven.org/maven2/org/glassfish/jersey/containers/jersey-container-servlet-core/2.30/jersey-container-servlet-core-2.30.jar
[error] https://repo1.maven.org/maven2/commons-collections/commons-collections/3.2.2/commons-collections-3.2.2.jar: download error: Caught java.net.UnknownHostException: repo1.maven.org (repo1.maven.org) while downloading https://repo1.maven.org/maven2/commons-collections/commons-collections/3.2.2/commons-collections-3.2.2.jar
[error] https://repo1.maven.org/maven2/org/json4s/json4s-core_2.12/3.6.6/json4s-core_2.12-3.6.6.jar: download error: Caught java.net.UnknownHostException: repo1.maven.org (repo1.maven.org) while downloading https://repo1.maven.org/maven2/org/json4s/json4s-core_2.12/3.6.6/json4s-core_2.12-3.6.6.jar
[error] https://repo1.maven.org/maven2/org/xerial/snappy/snappy-java/1.1.7.5/snappy-java-1.1.7.5.jar: download error: Caught java.net.UnknownHostException: repo1.maven.org (repo1.maven.org) while downloading https://repo1.maven.org/maven2/org/xerial/snappy/snappy-java/1.1.7.5/snappy-java-1.1.7.5.jar
